<?xml version="1.0" encoding="UTF-8"?>
<!-- Generated by org.testng.reporters.JUnitReportReporter -->
<testsuite hostname="PUN-8HHJMV1" name="com.sps.automation.WelcomeTest" tests="1" failures="0" timestamp="16 Jan 2017 10:52:29 GMT" time="3.430" errors="0">
  <testcase name="login" time="3.430" classname="com.sps.automation.WelcomeTest"/>
</testsuite> <!-- com.sps.automation.WelcomeTest -->
