<?xml version="1.0" encoding="UTF-8"?>
<!-- Generated by org.testng.reporters.JUnitReportReporter -->
<testsuite hostname="PUN-8HHJMV1" name="com.sps.automation.DC4Login" tests="15" failures="0" timestamp="25 Jan 2017 09:05:07 GMT" time="25.333" errors="0">
  <testcase name="clickCapabilitiesSubmenu" time="1.922" classname="com.sps.automation.DC4Login"/>
  <testcase name="DC4EnterCompanyName" time="0.196" classname="com.sps.automation.DC4Login"/>
  <testcase name="setUp" time="3.188" classname="com.sps.automation.DC4Login"/>
  <testcase name="preProdLogin" time="4.076" classname="com.sps.automation.DC4Login"/>
  <testcase name="DC4BrowseCustomers" time="3.911" classname="com.sps.automation.DC4Login"/>
  <testcase name="listOfProfilesCall" time="0.156" classname="com.sps.automation.DC4Login"/>
  <testcase name="clickOnCapabilitiesSearchButton" time="0.787" classname="com.sps.automation.DC4Login"/>
  <testcase name="clickDC4BrowseCustomersSearchButton" time="0.510" classname="com.sps.automation.DC4Login"/>
  <testcase name="clickProfilesSubMenu" time="0.927" classname="com.sps.automation.DC4Login"/>
  <testcase name="clickOnEditFileBrokerSettingsLink" time="3.827" classname="com.sps.automation.DC4Login"/>
  <testcase name="clickOnCompanyProfile" time="0.811" classname="com.sps.automation.DC4Login"/>
  <testcase name="preProdLoginUrl" time="1.874" classname="com.sps.automation.DC4Login"/>
  <testcase name="enterCapabilityUIDValueCall" time="0.105" classname="com.sps.automation.DC4Login"/>
  <testcase name="copyCapabilityUidCall" time="0.539" classname="com.sps.automation.DC4Login"/>
  <testcase name="clickDC4" time="2.504" classname="com.sps.automation.DC4Login"/>
</testsuite> <!-- com.sps.automation.DC4Login -->
